<?xml version="1.0" encoding="UTF-8"?>
<testsuites name="cREATE uSER" time="16.258" tests="2" failures="0" errors="0">
   <testsuite name="cREATE uSER" tests="2" failures="0" errors="0" time="16.258" skipped="0" timestamp="2023-06-13 16:04:11" hostname="MD Rahil - CCLNiranjan" id="Test Suites/NFTrace test suit/cREATE uSER">
      <properties>
         <property name="deviceName" value=""/>
         <property name="devicePlatform" value=""/>
         <property name="logFolder" value="C:\\Users\\MD Rahil\\Katalon Studio\\NFTrace\\Reports\\20230613_160405\\NFTrace test suit\\cREATE uSER\\20230613_160405"/>
         <property name="logFiles" value="C:\\Users\\MD Rahil\\Katalon Studio\\NFTrace\\Reports\\20230613_160405\\NFTrace test suit\\cREATE uSER\\20230613_160405\\execution0.log"/>
         <property name="attachments" value=""/>
         <property name="hostName" value="MD Rahil - CCLNiranjan"/>
         <property name="os" value="Windows 10 64bit"/>
         <property name="katalonVersion" value="8.6.0.208"/>
         <property name="browser" value="Chrome 114.0.0.0"/>
         <property name="hostAddress" value="192.168.0.211"/>
         <property name="sessionId" value="2e2693a427436cd4fe64a7d14179e28c"/>
         <property name="seleniumVersion" value="3.141.59"/>
         <property name="proxyInformation" value="ProxyInformation { proxyOption=NO_PROXY, proxyServerType=HTTP, username=, password=********, proxyServerAddress=, proxyServerPort=0, executionList=&quot;&quot;, isApplyToDesiredCapabilities=true }"/>
         <property name="platform" value="Windows 10"/>
      </properties>
      <testcase name="Test Cases/NFTrace/Login Logout Register/Login" time="6.245" classname="Test Cases/NFTrace/Login Logout Register/Login" status="PASSED">
         <system-out><![CDATA[2023-06-13 16:04:11 - [TEST_CASE][PASSED] - Test Cases/NFTrace/Login Logout Register/Login: Test Cases/NFTrace/Login Logout Register/Login

2023-06-13 16:04:12 - [TEST_STEP][PASSED] - openBrowser(""): Browser is opened with url: ''

2023-06-13 16:04:12 - [MESSAGE][INFO] - Starting 'Chrome' driver

2023-06-13 16:04:12 - [MESSAGE][INFO] - Action delay is set to 0 milliseconds

2023-06-13 16:04:14 - [MESSAGE][PASSED] - Browser is opened with url: ''

2023-06-13 16:04:14 - [TEST_STEP][PASSED] - navigateToUrl(URL, CONTINUE_ON_FAILURE): Navigate to 'https://dev.app.ccltrace.com/login' successfully

2023-06-13 16:04:16 - [MESSAGE][PASSED] - Navigate to 'https://dev.app.ccltrace.com/login' successfully

2023-06-13 16:04:16 - [TEST_STEP][PASSED] - maximizeWindow(): Current window maximized

2023-06-13 16:04:16 - [MESSAGE][PASSED] - Current window maximized

2023-06-13 16:04:16 - [TEST_STEP][PASSED] - setText(findTestObject("Object Repository/login Page_/input_Email_email"), "PES@gotgel.org"): Text 'PES@gotgel.org' is set on object 'Object Repository/login Page_/input_Email_email'

2023-06-13 16:04:17 - [MESSAGE][PASSED] - Text 'PES@gotgel.org' is set on object 'Object Repository/login Page_/input_Email_email'

2023-06-13 16:04:17 - [TEST_STEP][PASSED] - setEncryptedText(findTestObject("Object Repository/login Page_/input_Password_password"), "lt7kXPiIKwaT+RdC1Uoh9g==", CONTINUE_ON_FAILURE): Text ****** has been set on object 'Object Repository/login Page_/input_Password_password'

2023-06-13 16:04:17 - [MESSAGE][PASSED] - Text ****** has been set on object 'Object Repository/login Page_/input_Password_password'

2023-06-13 16:04:17 - [TEST_STEP][PASSED] - click(findTestObject("Object Repository/login Page_/button_Login")): Object: 'Object Repository/login Page_/button_Login' is clicked on

2023-06-13 16:04:18 - [MESSAGE][PASSED] - Object: 'Object Repository/login Page_/button_Login' is clicked on]]></system-out>
         <system-err><![CDATA[]]></system-err>
      </testcase>
      <testcase name="Test Cases/NFTrace/Organization/Create Form" time="9.694" classname="Test Cases/NFTrace/Organization/Create Form" status="PASSED">
         <system-out><![CDATA[2023-06-13 16:04:18 - [TEST_CASE][PASSED] - Test Cases/NFTrace/Organization/Create Form: Test Cases/NFTrace/Organization/Create Form

2023-06-13 16:04:18 - [TEST_STEP][PASSED] - click(findTestObject("Object Repository/Page_NFTrace - Users/a_Modeller")): Object: 'Object Repository/Page_NFTrace - Users/a_Modeller' is clicked on

2023-06-13 16:04:20 - [MESSAGE][PASSED] - Object: 'Object Repository/Page_NFTrace - Users/a_Modeller' is clicked on

2023-06-13 16:04:20 - [TEST_STEP][PASSED] - click(findTestObject("Object Repository/Page_NFTrace - Modellers/a_Create new form")): Object: 'Object Repository/Page_NFTrace - Modellers/a_Create new form' is clicked on

2023-06-13 16:04:23 - [MESSAGE][PASSED] - Object: 'Object Repository/Page_NFTrace - Modellers/a_Create new form' is clicked on

2023-06-13 16:04:23 - [TEST_STEP][PASSED] - click(findTestObject("Object Repository/Page_NFTrace - Create Modeller/li_Text Input")): Object: 'Object Repository/Page_NFTrace - Create Modeller/li_Text Input' is clicked on

2023-06-13 16:04:24 - [MESSAGE][PASSED] - Object: 'Object Repository/Page_NFTrace - Create Modeller/li_Text Input' is clicked on

2023-06-13 16:04:24 - [TEST_STEP][PASSED] - click(findTestObject("Object Repository/Page_NFTrace - Create Modeller/li_Number Input")): Object: 'Object Repository/Page_NFTrace - Create Modeller/li_Number Input' is clicked on

2023-06-13 16:04:24 - [MESSAGE][PASSED] - Object: 'Object Repository/Page_NFTrace - Create Modeller/li_Number Input' is clicked on

2023-06-13 16:04:24 - [TEST_STEP][PASSED] - click(findTestObject("Object Repository/Page_NFTrace - Create Modeller/button_Save")): Object: 'Object Repository/Page_NFTrace - Create Modeller/button_Save' is clicked on

2023-06-13 16:04:25 - [MESSAGE][PASSED] - Object: 'Object Repository/Page_NFTrace - Create Modeller/button_Save' is clicked on

2023-06-13 16:04:25 - [TEST_STEP][PASSED] - setText(findTestObject("Object Repository/Page_NFTrace - Create Modeller/input_Form Name_name"), "Students"): Text 'Students' is set on object 'Object Repository/Page_NFTrace - Create Modeller/input_Form Name_name'

2023-06-13 16:04:26 - [MESSAGE][PASSED] - Text 'Students' is set on object 'Object Repository/Page_NFTrace - Create Modeller/input_Form Name_name'

2023-06-13 16:04:26 - [TEST_STEP][PASSED] - click(findTestObject("Object Repository/Page_NFTrace - Create Modeller/button_SUBMIT")): Object: 'Object Repository/Page_NFTrace - Create Modeller/button_SUBMIT' is clicked on

2023-06-13 16:04:26 - [MESSAGE][PASSED] - Object: 'Object Repository/Page_NFTrace - Create Modeller/button_SUBMIT' is clicked on

2023-06-13 16:04:26 - [TEST_STEP][PASSED] - click(findTestObject("Object Repository/Page_NFTrace - Create Modeller/button_OK")): Object: 'Object Repository/Page_NFTrace - Create Modeller/button_OK' is clicked on

2023-06-13 16:04:27 - [MESSAGE][PASSED] - Object: 'Object Repository/Page_NFTrace - Create Modeller/button_OK' is clicked on]]></system-out>
         <system-err><![CDATA[]]></system-err>
      </testcase>
      <system-out><![CDATA[2023-06-13 16:04:11 - [TEST_SUITE][PASSED] - cREATE uSER: Test Cases/NFTrace/Organization/Create Form]]></system-out>
      <system-err><![CDATA[]]></system-err>
   </testsuite>
</testsuites>
