<?xml version="1.0" encoding="UTF-8"?>
<testsuites name="Create Organization" time="20.657" tests="3" failures="0" errors="0">
   <testsuite name="Create Organization" tests="3" failures="0" errors="0" time="20.657" skipped="0" timestamp="2023-06-14 11:07:53" hostname="MD Rahil - CCLNiranjan" id="Test Suites/NFTrace test suit/Create Organization">
      <properties>
         <property name="deviceName" value=""/>
         <property name="devicePlatform" value=""/>
         <property name="logFolder" value="C:\\Users\\MD Rahil\\Katalon Studio\\NFTrace\\Reports\\20230614_110743\\NFTrace test suit\\Create Organization\\20230614_110744"/>
         <property name="logFiles" value="C:\\Users\\MD Rahil\\Katalon Studio\\NFTrace\\Reports\\20230614_110743\\NFTrace test suit\\Create Organization\\20230614_110744\\execution0.log"/>
         <property name="attachments" value=""/>
         <property name="hostName" value="MD Rahil - CCLNiranjan"/>
         <property name="os" value="Windows 10 64bit"/>
         <property name="katalonVersion" value="8.6.0.208"/>
         <property name="browser" value="Chrome 114.0.0.0"/>
         <property name="hostAddress" value="192.168.0.211"/>
         <property name="sessionId" value="cbe8806ea16814e5f79ff35363bd483e"/>
         <property name="seleniumVersion" value="3.141.59"/>
         <property name="proxyInformation" value="ProxyInformation { proxyOption=NO_PROXY, proxyServerType=HTTP, username=, password=********, proxyServerAddress=, proxyServerPort=0, executionList=&quot;&quot;, isApplyToDesiredCapabilities=true }"/>
         <property name="platform" value="Windows 10"/>
      </properties>
      <testcase name="Test Cases/NFTrace/Login Logout Register/Login" time="5.52" classname="Test Cases/NFTrace/Login Logout Register/Login" status="PASSED">
         <system-out><![CDATA[2023-06-14 11:07:53 - [TEST_CASE][PASSED] - Test Cases/NFTrace/Login Logout Register/Login: Test Cases/NFTrace/Login Logout Register/Login

2023-06-14 11:07:53 - [TEST_STEP][PASSED] - openBrowser(""): Browser is opened with url: ''

2023-06-14 11:07:53 - [MESSAGE][INFO] - Starting 'Chrome' driver

2023-06-14 11:07:53 - [MESSAGE][INFO] - Action delay is set to 0 milliseconds

2023-06-14 11:07:56 - [MESSAGE][PASSED] - Browser is opened with url: ''

2023-06-14 11:07:56 - [TEST_STEP][PASSED] - navigateToUrl("https://app.ccltrace.com/login", STOP_ON_FAILURE): Navigate to 'https://app.ccltrace.com/login' successfully

2023-06-14 11:07:56 - [MESSAGE][PASSED] - Navigate to 'https://app.ccltrace.com/login' successfully

2023-06-14 11:07:56 - [TEST_STEP][PASSED] - maximizeWindow(): Current window maximized

2023-06-14 11:07:56 - [MESSAGE][PASSED] - Current window maximized

2023-06-14 11:07:56 - [TEST_STEP][PASSED] - setText(findTestObject("Object Repository/login Page_/input_Email_email"), "superadmin@chaincodeconsulting.com"): Text 'superadmin@chaincodeconsulting.com' is set on object 'Object Repository/login Page_/input_Email_email'

2023-06-14 11:07:57 - [MESSAGE][PASSED] - Text 'superadmin@chaincodeconsulting.com' is set on object 'Object Repository/login Page_/input_Email_email'

2023-06-14 11:07:57 - [TEST_STEP][PASSED] - setEncryptedText(findTestObject("Object Repository/login Page_/input_Password_password"), "lt7kXPiIKwaT+RdC1Uoh9g==", CONTINUE_ON_FAILURE): Text ****** has been set on object 'Object Repository/login Page_/input_Password_password'

2023-06-14 11:07:58 - [MESSAGE][PASSED] - Text ****** has been set on object 'Object Repository/login Page_/input_Password_password'

2023-06-14 11:07:58 - [TEST_STEP][PASSED] - click(findTestObject("Object Repository/login Page_/button_Login")): Object: 'Object Repository/login Page_/button_Login' is clicked on

2023-06-14 11:07:58 - [MESSAGE][PASSED] - Object: 'Object Repository/login Page_/button_Login' is clicked on]]></system-out>
         <system-err><![CDATA[]]></system-err>
      </testcase>
      <testcase name="Test Cases/NFTrace/SUPER ADMIN/Create Organization" time="9.176" classname="Test Cases/NFTrace/SUPER ADMIN/Create Organization" status="PASSED">
         <system-out><![CDATA[2023-06-14 11:07:58 - [TEST_CASE][PASSED] - Test Cases/NFTrace/SUPER ADMIN/Create Organization: Test Cases/NFTrace/SUPER ADMIN/Create Organization

2023-06-14 11:07:59 - [TEST_STEP][PASSED] - click(findTestObject("Object Repository/logout page/a_Organizations")): Object: 'Object Repository/logout page/a_Organizations' is clicked on

2023-06-14 11:08:00 - [MESSAGE][PASSED] - Object: 'Object Repository/logout page/a_Organizations' is clicked on

2023-06-14 11:08:00 - [TEST_STEP][PASSED] - click(findTestObject("Object Repository/NFTrace - Organizations/button_Create Organization")): Object: 'Object Repository/NFTrace - Organizations/button_Create Organization' is clicked on

2023-06-14 11:08:01 - [MESSAGE][PASSED] - Object: 'Object Repository/NFTrace - Organizations/button_Create Organization' is clicked on

2023-06-14 11:08:01 - [TEST_STEP][PASSED] - setText(findTestObject("Object Repository/NFTrace - Organizations/input__organizationName"), "PES UNIVERSITY"): Text 'PES UNIVERSITY' is set on object 'Object Repository/NFTrace - Organizations/input__organizationName'

2023-06-14 11:08:02 - [MESSAGE][PASSED] - Text 'PES UNIVERSITY' is set on object 'Object Repository/NFTrace - Organizations/input__organizationName'

2023-06-14 11:08:02 - [TEST_STEP][PASSED] - selectOptionByIndex(findTestObject("NFTrace - Organizations/select_Select Organization typeSupply Chain_735ca9"), "2", STOP_ON_FAILURE): All options with index in [2] are selected on object 'Object Repository/NFTrace - Organizations/select_Select Organization typeSupply Chain_735ca9'

2023-06-14 11:08:04 - [MESSAGE][PASSED] - All options with index in [2] are selected on object 'Object Repository/NFTrace - Organizations/select_Select Organization typeSupply Chain_735ca9'

2023-06-14 11:08:04 - [TEST_STEP][PASSED] - setText(findTestObject("Object Repository/NFTrace - Organizations/input__email"), "PES@gotgel.org"): Text 'PES@gotgel.org' is set on object 'Object Repository/NFTrace - Organizations/input__email'

2023-06-14 11:08:04 - [MESSAGE][PASSED] - Text 'PES@gotgel.org' is set on object 'Object Repository/NFTrace - Organizations/input__email'

2023-06-14 11:08:04 - [TEST_STEP][PASSED] - setText(findTestObject("Object Repository/NFTrace - Organizations/input__phone"), "+91 95352-25619"): Text '+91 95352-25619' is set on object 'Object Repository/NFTrace - Organizations/input__phone'

2023-06-14 11:08:05 - [MESSAGE][PASSED] - Text '+91 95352-25619' is set on object 'Object Repository/NFTrace - Organizations/input__phone'

2023-06-14 11:08:05 - [TEST_STEP][PASSED] - setEncryptedText(findTestObject("Object Repository/NFTrace - Organizations/input__password"), "lubJgWeNoDywD0cxuuK8nQ=="): Text ****** has been set on object 'Object Repository/NFTrace - Organizations/input__password'

2023-06-14 11:08:06 - [MESSAGE][PASSED] - Text ****** has been set on object 'Object Repository/NFTrace - Organizations/input__password'

2023-06-14 11:08:06 - [TEST_STEP][PASSED] - setEncryptedText(findTestObject("Object Repository/NFTrace - Organizations/input__confirmPassword"), "lubJgWeNoDywD0cxuuK8nQ=="): Text ****** has been set on object 'Object Repository/NFTrace - Organizations/input__confirmPassword'

2023-06-14 11:08:06 - [MESSAGE][PASSED] - Text ****** has been set on object 'Object Repository/NFTrace - Organizations/input__confirmPassword'

2023-06-14 11:08:06 - [TEST_STEP][PASSED] - uploadFile(findTestObject("image/image/input__file upload_file"), "C:\Users\MD Rahil\Desktop\NFTrace images\reva.jpg"): File 'C:\Users\MD Rahil\Desktop\NFTrace images\reva.jpg' sent to object: 'Object Repository/image/image/input__file upload_file'

2023-06-14 11:08:07 - [MESSAGE][PASSED] - File 'C:\Users\MD Rahil\Desktop\NFTrace images\reva.jpg' sent to object: 'Object Repository/image/image/input__file upload_file'

2023-06-14 11:08:07 - [TEST_STEP][PASSED] - click(findTestObject("Object Repository/NFTrace - Organizations/button_Submit")): Object: 'Object Repository/NFTrace - Organizations/button_Submit' is clicked on

2023-06-14 11:08:07 - [MESSAGE][PASSED] - Object: 'Object Repository/NFTrace - Organizations/button_Submit' is clicked on]]></system-out>
         <system-err><![CDATA[]]></system-err>
      </testcase>
      <testcase name="Test Cases/NFTrace/Login Logout Register/logout" time="5.698" classname="Test Cases/NFTrace/Login Logout Register/logout" status="PASSED">
         <system-out><![CDATA[2023-06-14 11:08:07 - [TEST_CASE][PASSED] - Test Cases/NFTrace/Login Logout Register/logout: Test Cases/NFTrace/Login Logout Register/logout

2023-06-14 11:08:08 - [TEST_STEP][PASSED] - click(findTestObject("Object Repository/logout page/button_Planner_d-flex justify-content-cente_308e09")): Object: 'Object Repository/logout page/button_Planner_d-flex justify-content-cente_308e09' is clicked on

2023-06-14 11:08:12 - [MESSAGE][PASSED] - Object: 'Object Repository/logout page/button_Planner_d-flex justify-content-cente_308e09' is clicked on

2023-06-14 11:08:12 - [TEST_STEP][PASSED] - click(findTestObject("Object Repository/logout page/button_Logout")): Object: 'Object Repository/logout page/button_Logout' is clicked on

2023-06-14 11:08:12 - [MESSAGE][PASSED] - Object: 'Object Repository/logout page/button_Logout' is clicked on

2023-06-14 11:08:12 - [TEST_STEP][PASSED] - closeBrowser(): Browser is closed

2023-06-14 11:08:13 - [MESSAGE][PASSED] - Browser is closed]]></system-out>
         <system-err><![CDATA[]]></system-err>
      </testcase>
      <system-out><![CDATA[2023-06-14 11:07:53 - [TEST_SUITE][PASSED] - Create Organization: Test Cases/NFTrace/Login Logout Register/logout]]></system-out>
      <system-err><![CDATA[]]></system-err>
   </testsuite>
</testsuites>
