<?xml version="1.0" encoding="UTF-8"?>
<testsuites name="create user2" time="16.658" tests="2" failures="0" errors="0">
   <testsuite name="create user2" tests="2" failures="0" errors="0" time="16.658" skipped="0" timestamp="2023-06-13 14:36:20" hostname="MD Rahil - CCLNiranjan" id="Test Suites/NFTrace test suit/create user2">
      <properties>
         <property name="deviceName" value=""/>
         <property name="devicePlatform" value=""/>
         <property name="logFolder" value="C:\\Users\\MD Rahil\\Katalon Studio\\NFTrace\\Reports\\20230613_143610\\NFTrace test suit\\create user2\\20230613_143610"/>
         <property name="logFiles" value="C:\\Users\\MD Rahil\\Katalon Studio\\NFTrace\\Reports\\20230613_143610\\NFTrace test suit\\create user2\\20230613_143610\\execution0.log"/>
         <property name="attachments" value=""/>
         <property name="hostName" value="MD Rahil - CCLNiranjan"/>
         <property name="os" value="Windows 10 64bit"/>
         <property name="katalonVersion" value="8.6.0.208"/>
         <property name="browser" value="Chrome 114.0.0.0"/>
         <property name="hostAddress" value="192.168.0.211"/>
         <property name="sessionId" value="c58be2f68884ca1f338404d64b0e32e7"/>
         <property name="seleniumVersion" value="3.141.59"/>
         <property name="proxyInformation" value="ProxyInformation { proxyOption=NO_PROXY, proxyServerType=HTTP, username=, password=********, proxyServerAddress=, proxyServerPort=0, executionList=&quot;&quot;, isApplyToDesiredCapabilities=true }"/>
         <property name="platform" value="Windows 10"/>
      </properties>
      <testcase name="Test Cases/NFTrace/Login Logout Register/Login" time="7.142" classname="Test Cases/NFTrace/Login Logout Register/Login" status="PASSED">
         <system-out><![CDATA[2023-06-13 14:36:20 - [TEST_CASE][PASSED] - Test Cases/NFTrace/Login Logout Register/Login: Test Cases/NFTrace/Login Logout Register/Login

2023-06-13 14:36:21 - [TEST_STEP][PASSED] - openBrowser(""): Browser is opened with url: ''

2023-06-13 14:36:21 - [MESSAGE][INFO] - Starting 'Chrome' driver

2023-06-13 14:36:21 - [MESSAGE][INFO] - Action delay is set to 0 milliseconds

2023-06-13 14:36:23 - [MESSAGE][PASSED] - Browser is opened with url: ''

2023-06-13 14:36:23 - [TEST_STEP][PASSED] - navigateToUrl(URL, CONTINUE_ON_FAILURE): Navigate to 'https://dev.app.ccltrace.com/login' successfully

2023-06-13 14:36:25 - [MESSAGE][PASSED] - Navigate to 'https://dev.app.ccltrace.com/login' successfully

2023-06-13 14:36:25 - [TEST_STEP][PASSED] - setText(findTestObject("Object Repository/login Page_/input_Email_email"), "cclorganisation@chaincodeconsulting.com"): Text 'cclorganisation@chaincodeconsulting.com' is set on object 'Object Repository/login Page_/input_Email_email'

2023-06-13 14:36:26 - [MESSAGE][PASSED] - Text 'cclorganisation@chaincodeconsulting.com' is set on object 'Object Repository/login Page_/input_Email_email'

2023-06-13 14:36:26 - [TEST_STEP][PASSED] - setEncryptedText(findTestObject("Object Repository/login Page_/input_Password_password"), "lt7kXPiIKwaT+RdC1Uoh9g==", CONTINUE_ON_FAILURE): Text ****** has been set on object 'Object Repository/login Page_/input_Password_password'

2023-06-13 14:36:27 - [MESSAGE][PASSED] - Text ****** has been set on object 'Object Repository/login Page_/input_Password_password'

2023-06-13 14:36:27 - [TEST_STEP][PASSED] - click(findTestObject("Object Repository/login Page_/button_Login")): Object: 'Object Repository/login Page_/button_Login' is clicked on

2023-06-13 14:36:27 - [MESSAGE][PASSED] - Object: 'Object Repository/login Page_/button_Login' is clicked on]]></system-out>
         <system-err><![CDATA[]]></system-err>
      </testcase>
      <testcase name="Test Cases/NFTrace/Organization/Create User" time="9.231" classname="Test Cases/NFTrace/Organization/Create User" status="PASSED">
         <system-out><![CDATA[2023-06-13 14:36:27 - [TEST_CASE][PASSED] - Test Cases/NFTrace/Organization/Create User: Test Cases/NFTrace/Organization/Create User

2023-06-13 14:36:28 - [TEST_STEP][PASSED] - click(findTestObject("Object Repository/create user/Page_NFTrace - Users/button_Create User")): Object: 'Object Repository/create user/Page_NFTrace - Users/button_Create User' is clicked on

2023-06-13 14:36:30 - [MESSAGE][PASSED] - Object: 'Object Repository/create user/Page_NFTrace - Users/button_Create User' is clicked on

2023-06-13 14:36:30 - [TEST_STEP][PASSED] - setText(findTestObject("Object Repository/create user/Page_NFTrace - Users/input__firstName"), "Sonic"): Text 'Sonic' is set on object 'Object Repository/create user/Page_NFTrace - Users/input__firstName'

2023-06-13 14:36:31 - [MESSAGE][PASSED] - Text 'Sonic' is set on object 'Object Repository/create user/Page_NFTrace - Users/input__firstName'

2023-06-13 14:36:31 - [TEST_STEP][PASSED] - setText(findTestObject("Object Repository/create user/Page_NFTrace - Users/input__lastName"), "falcon"): Text 'falcon' is set on object 'Object Repository/create user/Page_NFTrace - Users/input__lastName'

2023-06-13 14:36:32 - [MESSAGE][PASSED] - Text 'falcon' is set on object 'Object Repository/create user/Page_NFTrace - Users/input__lastName'

2023-06-13 14:36:32 - [TEST_STEP][PASSED] - setText(findTestObject("Object Repository/create user/Page_NFTrace - Users/input__email"), ""): Text '' is set on object 'Object Repository/create user/Page_NFTrace - Users/input__email'

2023-06-13 14:36:32 - [MESSAGE][PASSED] - Text '' is set on object 'Object Repository/create user/Page_NFTrace - Users/input__email'

2023-06-13 14:36:32 - [TEST_STEP][PASSED] - click(findTestObject("Object Repository/create user/Page_NFTrace - Users/input__email")): Object: 'Object Repository/create user/Page_NFTrace - Users/input__email' is clicked on

2023-06-13 14:36:33 - [MESSAGE][PASSED] - Object: 'Object Repository/create user/Page_NFTrace - Users/input__email' is clicked on

2023-06-13 14:36:33 - [TEST_STEP][PASSED] - setText(findTestObject("Object Repository/create user/Page_NFTrace - Users/input__email"), "sonic@gotgel.org"): Text 'sonic@gotgel.org' is set on object 'Object Repository/create user/Page_NFTrace - Users/input__email'

2023-06-13 14:36:33 - [MESSAGE][PASSED] - Text 'sonic@gotgel.org' is set on object 'Object Repository/create user/Page_NFTrace - Users/input__email'

2023-06-13 14:36:33 - [TEST_STEP][PASSED] - setText(findTestObject("Object Repository/create user/Page_NFTrace - Users/input__phone"), "9536548963"): Text '9536548963' is set on object 'Object Repository/create user/Page_NFTrace - Users/input__phone'

2023-06-13 14:36:34 - [MESSAGE][PASSED] - Text '9536548963' is set on object 'Object Repository/create user/Page_NFTrace - Users/input__phone'

2023-06-13 14:36:34 - [TEST_STEP][PASSED] - click(findTestObject("Object Repository/Page_NFTrace - Users/input_Wallet Address_form-check-input")): Object: 'Object Repository/Page_NFTrace - Users/input_Wallet Address_form-check-input' is clicked on

2023-06-13 14:36:35 - [MESSAGE][PASSED] - Object: 'Object Repository/Page_NFTrace - Users/input_Wallet Address_form-check-input' is clicked on

2023-06-13 14:36:35 - [TEST_STEP][PASSED] - setEncryptedText(findTestObject("Object Repository/create user/Page_NFTrace - Users/input__password"), "lubJgWeNoDywD0cxuuK8nQ=="): Text ****** has been set on object 'Object Repository/create user/Page_NFTrace - Users/input__password'

2023-06-13 14:36:35 - [MESSAGE][PASSED] - Text ****** has been set on object 'Object Repository/create user/Page_NFTrace - Users/input__password'

2023-06-13 14:36:35 - [TEST_STEP][PASSED] - setEncryptedText(findTestObject("Object Repository/create user/Page_NFTrace - Users/input__confirmPassword"), "lubJgWeNoDywD0cxuuK8nQ=="): Text ****** has been set on object 'Object Repository/create user/Page_NFTrace - Users/input__confirmPassword'

2023-06-13 14:36:36 - [MESSAGE][PASSED] - Text ****** has been set on object 'Object Repository/create user/Page_NFTrace - Users/input__confirmPassword'

2023-06-13 14:36:36 - [TEST_STEP][PASSED] - uploadFile(findTestObject("image/image/input__file upload_file"), "C:\Users\MD Rahil\Desktop\NFTrace images\download.jpg"): File 'C:\Users\MD Rahil\Desktop\NFTrace images\download.jpg' sent to object: 'Object Repository/image/image/input__file upload_file'

2023-06-13 14:36:36 - [MESSAGE][PASSED] - File 'C:\Users\MD Rahil\Desktop\NFTrace images\download.jpg' sent to object: 'Object Repository/image/image/input__file upload_file'

2023-06-13 14:36:36 - [TEST_STEP][PASSED] - click(findTestObject("Object Repository/create user/Page_NFTrace - Users/button_Submit")): Object: 'Object Repository/create user/Page_NFTrace - Users/button_Submit' is clicked on

2023-06-13 14:36:37 - [MESSAGE][PASSED] - Object: 'Object Repository/create user/Page_NFTrace - Users/button_Submit' is clicked on]]></system-out>
         <system-err><![CDATA[]]></system-err>
      </testcase>
      <system-out><![CDATA[2023-06-13 14:36:20 - [TEST_SUITE][PASSED] - create user2: Test Cases/NFTrace/Organization/Create User]]></system-out>
      <system-err><![CDATA[]]></system-err>
   </testsuite>
</testsuites>
