<?xml version="1.0" encoding="UTF-8"?>
<testsuites name="login logout" time="9.49" tests="2" failures="0" errors="0">
   <testsuite name="login logout" tests="2" failures="0" errors="0" time="9.49" skipped="0" timestamp="2023-06-14 11:04:58" hostname="MD Rahil - CCLNiranjan" id="Test Suites/NFTrace test suit/login logout">
      <properties>
         <property name="deviceName" value=""/>
         <property name="devicePlatform" value=""/>
         <property name="logFolder" value="C:\\Users\\MD Rahil\\Katalon Studio\\NFTrace\\Reports\\20230614_110452\\NFTrace test suit\\login logout\\20230614_110452"/>
         <property name="logFiles" value="C:\\Users\\MD Rahil\\Katalon Studio\\NFTrace\\Reports\\20230614_110452\\NFTrace test suit\\login logout\\20230614_110452\\execution0.log"/>
         <property name="attachments" value=""/>
         <property name="hostName" value="MD Rahil - CCLNiranjan"/>
         <property name="os" value="Windows 10 64bit"/>
         <property name="katalonVersion" value="8.6.0.208"/>
         <property name="browser" value="Chrome 114.0.0.0"/>
         <property name="hostAddress" value="192.168.0.211"/>
         <property name="sessionId" value="086177880a7d29e9a4220f505717b8b5"/>
         <property name="seleniumVersion" value="3.141.59"/>
         <property name="proxyInformation" value="ProxyInformation { proxyOption=NO_PROXY, proxyServerType=HTTP, username=, password=********, proxyServerAddress=, proxyServerPort=0, executionList=&quot;&quot;, isApplyToDesiredCapabilities=true }"/>
         <property name="platform" value="Windows 10"/>
      </properties>
      <testcase name="Test Cases/NFTrace/Login Logout Register/Login" time="5.806" classname="Test Cases/NFTrace/Login Logout Register/Login" status="PASSED">
         <system-out><![CDATA[2023-06-14 11:04:58 - [TEST_CASE][PASSED] - Test Cases/NFTrace/Login Logout Register/Login: Test Cases/NFTrace/Login Logout Register/Login

2023-06-14 11:04:58 - [TEST_STEP][PASSED] - openBrowser(""): Browser is opened with url: ''

2023-06-14 11:04:58 - [MESSAGE][INFO] - Starting 'Chrome' driver

2023-06-14 11:04:58 - [MESSAGE][INFO] - Action delay is set to 0 milliseconds

2023-06-14 11:05:01 - [MESSAGE][PASSED] - Browser is opened with url: ''

2023-06-14 11:05:01 - [TEST_STEP][PASSED] - navigateToUrl("https://app.ccltrace.com/login", STOP_ON_FAILURE): Navigate to 'https://app.ccltrace.com/login' successfully

2023-06-14 11:05:02 - [MESSAGE][PASSED] - Navigate to 'https://app.ccltrace.com/login' successfully

2023-06-14 11:05:02 - [TEST_STEP][PASSED] - maximizeWindow(): Current window maximized

2023-06-14 11:05:02 - [MESSAGE][PASSED] - Current window maximized

2023-06-14 11:05:02 - [TEST_STEP][PASSED] - setText(findTestObject("Object Repository/login Page_/input_Email_email"), "PES@gotgel.org"): Text 'PES@gotgel.org' is set on object 'Object Repository/login Page_/input_Email_email'

2023-06-14 11:05:03 - [MESSAGE][PASSED] - Text 'PES@gotgel.org' is set on object 'Object Repository/login Page_/input_Email_email'

2023-06-14 11:05:03 - [TEST_STEP][PASSED] - setEncryptedText(findTestObject("Object Repository/login Page_/input_Password_password"), "lt7kXPiIKwaT+RdC1Uoh9g==", CONTINUE_ON_FAILURE): Text ****** has been set on object 'Object Repository/login Page_/input_Password_password'

2023-06-14 11:05:03 - [MESSAGE][PASSED] - Text ****** has been set on object 'Object Repository/login Page_/input_Password_password'

2023-06-14 11:05:03 - [TEST_STEP][PASSED] - click(findTestObject("Object Repository/login Page_/button_Login")): Object: 'Object Repository/login Page_/button_Login' is clicked on

2023-06-14 11:05:04 - [MESSAGE][PASSED] - Object: 'Object Repository/login Page_/button_Login' is clicked on]]></system-out>
         <system-err><![CDATA[]]></system-err>
      </testcase>
      <testcase name="Test Cases/NFTrace/Login Logout Register/logout" time="3.438" classname="Test Cases/NFTrace/Login Logout Register/logout" status="PASSED">
         <system-out><![CDATA[2023-06-14 11:05:04 - [TEST_CASE][PASSED] - Test Cases/NFTrace/Login Logout Register/logout: Test Cases/NFTrace/Login Logout Register/logout

2023-06-14 11:05:04 - [TEST_STEP][PASSED] - click(findTestObject("Object Repository/logout page/button_Planner_d-flex justify-content-cente_308e09")): Object: 'Object Repository/logout page/button_Planner_d-flex justify-content-cente_308e09' is clicked on

2023-06-14 11:05:06 - [MESSAGE][PASSED] - Object: 'Object Repository/logout page/button_Planner_d-flex justify-content-cente_308e09' is clicked on

2023-06-14 11:05:06 - [TEST_STEP][PASSED] - click(findTestObject("Object Repository/logout page/button_Logout")): Object: 'Object Repository/logout page/button_Logout' is clicked on

2023-06-14 11:05:06 - [MESSAGE][PASSED] - Object: 'Object Repository/logout page/button_Logout' is clicked on

2023-06-14 11:05:06 - [TEST_STEP][PASSED] - closeBrowser(): Browser is closed

2023-06-14 11:05:07 - [MESSAGE][PASSED] - Browser is closed]]></system-out>
         <system-err><![CDATA[]]></system-err>
      </testcase>
      <system-out><![CDATA[2023-06-14 11:04:58 - [TEST_SUITE][PASSED] - login logout: Test Cases/NFTrace/Login Logout Register/logout]]></system-out>
      <system-err><![CDATA[]]></system-err>
   </testsuite>
</testsuites>
