<?xml version="1.0" encoding="UTF-8"?>
<testsuites name="Create user" time="16.016" tests="2" failures="0" errors="0">
   <testsuite name="Create user" tests="2" failures="0" errors="0" time="16.016" skipped="0" timestamp="2023-06-12 12:13:30" hostname="MD Rahil - CCLNiranjan" id="Test Suites/NFTrace test suit/Create user">
      <properties>
         <property name="deviceName" value=""/>
         <property name="devicePlatform" value=""/>
         <property name="logFolder" value="C:\\Users\\MD Rahil\\Katalon Studio\\NFTrace\\Reports\\20230612_121320\\NFTrace test suit\\Create user\\20230612_121321"/>
         <property name="logFiles" value="C:\\Users\\MD Rahil\\Katalon Studio\\NFTrace\\Reports\\20230612_121320\\NFTrace test suit\\Create user\\20230612_121321\\execution0.log"/>
         <property name="attachments" value=""/>
         <property name="hostName" value="MD Rahil - CCLNiranjan"/>
         <property name="os" value="Windows 10 64bit"/>
         <property name="katalonVersion" value="8.6.0.208"/>
         <property name="browser" value="Chrome 114.0.0.0"/>
         <property name="hostAddress" value="192.168.0.211"/>
         <property name="sessionId" value="06fb93f34ea013b7e025f9235b17b197"/>
         <property name="seleniumVersion" value="3.141.59"/>
         <property name="proxyInformation" value="ProxyInformation { proxyOption=NO_PROXY, proxyServerType=HTTP, username=, password=********, proxyServerAddress=, proxyServerPort=0, executionList=&quot;&quot;, isApplyToDesiredCapabilities=true }"/>
         <property name="platform" value="Windows 10"/>
      </properties>
      <testcase name="Test Cases/NFTrace/Organization/Login" time="5.51" classname="Test Cases/NFTrace/Organization/Login" status="PASSED">
         <system-out><![CDATA[2023-06-12 12:13:30 - [TEST_CASE][PASSED] - Test Cases/NFTrace/Organization/Login: Test Cases/NFTrace/Organization/Login

2023-06-12 12:13:31 - [TEST_STEP][PASSED] - openBrowser(""): Browser is opened with url: ''

2023-06-12 12:13:31 - [MESSAGE][INFO] - Starting 'Chrome' driver

2023-06-12 12:13:31 - [MESSAGE][INFO] - Action delay is set to 0 milliseconds

2023-06-12 12:13:33 - [MESSAGE][PASSED] - Browser is opened with url: ''

2023-06-12 12:13:33 - [TEST_STEP][PASSED] - navigateToUrl("https://app.ccltrace.com/login"): Navigate to 'https://app.ccltrace.com/login' successfully

2023-06-12 12:13:34 - [MESSAGE][PASSED] - Navigate to 'https://app.ccltrace.com/login' successfully

2023-06-12 12:13:34 - [TEST_STEP][PASSED] - setText(findTestObject("Object Repository/login Page_/input_Email_email"), "cclorganisation@chaincodeconsulting.com"): Text 'cclorganisation@chaincodeconsulting.com' is set on object 'Object Repository/login Page_/input_Email_email'

2023-06-12 12:13:35 - [MESSAGE][PASSED] - Text 'cclorganisation@chaincodeconsulting.com' is set on object 'Object Repository/login Page_/input_Email_email'

2023-06-12 12:13:35 - [TEST_STEP][PASSED] - setEncryptedText(findTestObject("Object Repository/login Page_/input_Password_password"), "lt7kXPiIKwaT+RdC1Uoh9g==", CONTINUE_ON_FAILURE): Text ****** has been set on object 'Object Repository/login Page_/input_Password_password'

2023-06-12 12:13:35 - [MESSAGE][PASSED] - Text ****** has been set on object 'Object Repository/login Page_/input_Password_password'

2023-06-12 12:13:35 - [TEST_STEP][PASSED] - click(findTestObject("Object Repository/login Page_/button_Login")): Object: 'Object Repository/login Page_/button_Login' is clicked on

2023-06-12 12:13:36 - [MESSAGE][PASSED] - Object: 'Object Repository/login Page_/button_Login' is clicked on]]></system-out>
         <system-err><![CDATA[]]></system-err>
      </testcase>
      <testcase name="Test Cases/NFTrace/Organization/Create User" time="10.273" classname="Test Cases/NFTrace/Organization/Create User" status="PASSED">
         <system-out><![CDATA[2023-06-12 12:13:36 - [TEST_CASE][PASSED] - Test Cases/NFTrace/Organization/Create User: Test Cases/NFTrace/Organization/Create User

2023-06-12 12:13:36 - [TEST_STEP][PASSED] - click(findTestObject("Object Repository/create user/Page_NFTrace - Users/button_Create User")): Object: 'Object Repository/create user/Page_NFTrace - Users/button_Create User' is clicked on

2023-06-12 12:13:38 - [MESSAGE][PASSED] - Object: 'Object Repository/create user/Page_NFTrace - Users/button_Create User' is clicked on

2023-06-12 12:13:38 - [TEST_STEP][PASSED] - setText(findTestObject("Object Repository/create user/Page_NFTrace - Users/input__firstName"), "kevin"): Text 'kevin' is set on object 'Object Repository/create user/Page_NFTrace - Users/input__firstName'

2023-06-12 12:13:39 - [MESSAGE][PASSED] - Text 'kevin' is set on object 'Object Repository/create user/Page_NFTrace - Users/input__firstName'

2023-06-12 12:13:39 - [TEST_STEP][PASSED] - setText(findTestObject("Object Repository/create user/Page_NFTrace - Users/input__lastName"), "george"): Text 'george' is set on object 'Object Repository/create user/Page_NFTrace - Users/input__lastName'

2023-06-12 12:13:40 - [MESSAGE][PASSED] - Text 'george' is set on object 'Object Repository/create user/Page_NFTrace - Users/input__lastName'

2023-06-12 12:13:40 - [TEST_STEP][PASSED] - setText(findTestObject("Object Repository/create user/Page_NFTrace - Users/input__email"), ""): Text '' is set on object 'Object Repository/create user/Page_NFTrace - Users/input__email'

2023-06-12 12:13:41 - [MESSAGE][PASSED] - Text '' is set on object 'Object Repository/create user/Page_NFTrace - Users/input__email'

2023-06-12 12:13:41 - [TEST_STEP][PASSED] - click(findTestObject("Object Repository/create user/Page_NFTrace - Users/input__email")): Object: 'Object Repository/create user/Page_NFTrace - Users/input__email' is clicked on

2023-06-12 12:13:41 - [MESSAGE][PASSED] - Object: 'Object Repository/create user/Page_NFTrace - Users/input__email' is clicked on

2023-06-12 12:13:41 - [TEST_STEP][PASSED] - setText(findTestObject("Object Repository/create user/Page_NFTrace - Users/input__email"), "kevin@gotgel.org"): Text 'kevin@gotgel.org' is set on object 'Object Repository/create user/Page_NFTrace - Users/input__email'

2023-06-12 12:13:42 - [MESSAGE][PASSED] - Text 'kevin@gotgel.org' is set on object 'Object Repository/create user/Page_NFTrace - Users/input__email'

2023-06-12 12:13:42 - [TEST_STEP][PASSED] - setText(findTestObject("Object Repository/create user/Page_NFTrace - Users/input__phone"), "+91 95352-26359"): Text '+91 95352-26359' is set on object 'Object Repository/create user/Page_NFTrace - Users/input__phone'

2023-06-12 12:13:43 - [MESSAGE][PASSED] - Text '+91 95352-26359' is set on object 'Object Repository/create user/Page_NFTrace - Users/input__phone'

2023-06-12 12:13:43 - [TEST_STEP][PASSED] - click(findTestObject("Object Repository/Page_NFTrace - Users/input_Wallet Address_form-check-input")): Object: 'Object Repository/Page_NFTrace - Users/input_Wallet Address_form-check-input' is clicked on

2023-06-12 12:13:44 - [MESSAGE][PASSED] - Object: 'Object Repository/Page_NFTrace - Users/input_Wallet Address_form-check-input' is clicked on

2023-06-12 12:13:44 - [TEST_STEP][PASSED] - setEncryptedText(findTestObject("Object Repository/create user/Page_NFTrace - Users/input__password"), "lubJgWeNoDywD0cxuuK8nQ=="): Text ****** has been set on object 'Object Repository/create user/Page_NFTrace - Users/input__password'

2023-06-12 12:13:44 - [MESSAGE][PASSED] - Text ****** has been set on object 'Object Repository/create user/Page_NFTrace - Users/input__password'

2023-06-12 12:13:44 - [TEST_STEP][PASSED] - setEncryptedText(findTestObject("Object Repository/create user/Page_NFTrace - Users/input__confirmPassword"), "lubJgWeNoDywD0cxuuK8nQ=="): Text ****** has been set on object 'Object Repository/create user/Page_NFTrace - Users/input__confirmPassword'

2023-06-12 12:13:45 - [MESSAGE][PASSED] - Text ****** has been set on object 'Object Repository/create user/Page_NFTrace - Users/input__confirmPassword'

2023-06-12 12:13:45 - [TEST_STEP][PASSED] - uploadFile(findTestObject("image/image/input__file upload_file"), "C:\Users\MD Rahil\Desktop\NFTrace images\download.jpg"): File 'C:\Users\MD Rahil\Desktop\NFTrace images\download.jpg' sent to object: 'Object Repository/image/image/input__file upload_file'

2023-06-12 12:13:46 - [MESSAGE][PASSED] - File 'C:\Users\MD Rahil\Desktop\NFTrace images\download.jpg' sent to object: 'Object Repository/image/image/input__file upload_file'

2023-06-12 12:13:46 - [TEST_STEP][PASSED] - click(findTestObject("Object Repository/create user/Page_NFTrace - Users/button_Submit")): Object: 'Object Repository/create user/Page_NFTrace - Users/button_Submit' is clicked on

2023-06-12 12:13:46 - [MESSAGE][PASSED] - Object: 'Object Repository/create user/Page_NFTrace - Users/button_Submit' is clicked on]]></system-out>
         <system-err><![CDATA[]]></system-err>
      </testcase>
      <system-out><![CDATA[2023-06-12 12:13:30 - [TEST_SUITE][PASSED] - Create user: Test Cases/NFTrace/Organization/Create User]]></system-out>
      <system-err><![CDATA[]]></system-err>
   </testsuite>
</testsuites>
